\BOOKMARK [1][-]{section.1}{Problem Statement}{}% 1
\BOOKMARK [1][-]{section.2}{Related Work}{}% 2
\BOOKMARK [1][-]{section.3}{Conceptual Model}{}% 3
\BOOKMARK [2][-]{subsection.3.1}{Inputs}{section.3}% 4
\BOOKMARK [2][-]{subsection.3.2}{Output}{section.3}% 5
\BOOKMARK [2][-]{subsection.3.3}{Content}{section.3}% 6
\BOOKMARK [3][-]{subsubsection.3.3.1}{Approach}{subsection.3.3}% 7
\BOOKMARK [3][-]{subsubsection.3.3.2}{Parameters}{subsection.3.3}% 8
\BOOKMARK [3][-]{subsubsection.3.3.3}{Random Numbers and Verification}{subsection.3.3}% 9
\BOOKMARK [2][-]{subsection.3.4}{Assumptions and Simplifications}{section.3}% 10
\BOOKMARK [1][-]{section.4}{Description of Simulation Software}{}% 11
\BOOKMARK [2][-]{subsection.4.1}{Architecture}{section.4}% 12
\BOOKMARK [2][-]{subsection.4.2}{Interfaces}{section.4}% 13
\BOOKMARK [3][-]{subsubsection.4.2.1}{User Interface}{subsection.4.2}% 14
\BOOKMARK [3][-]{subsubsection.4.2.2}{Pedestrian Class Interfaces}{subsection.4.2}% 15
\BOOKMARK [3][-]{subsubsection.4.2.3}{Node Class Interfaces}{subsection.4.2}% 16
\BOOKMARK [3][-]{subsubsection.4.2.4}{Intersection Class Interfaces}{subsection.4.2}% 17
\BOOKMARK [1][-]{section.5}{Results}{}% 18
\BOOKMARK [2][-]{subsection.5.1}{Verification Methodoogy}{section.5}% 19
\BOOKMARK [2][-]{subsection.5.2}{Validation Methodology}{section.5}% 20
\BOOKMARK [1][-]{section.6}{Conclusion}{}% 21
\BOOKMARK [1][-]{section.7}{Final Notes}{}% 22
